<?xml version="1.0" encoding="UTF-8"?>
<testng-results skipped="0" failed="0" ignored="0" total="1" passed="1">
  <reporter-output>
  </reporter-output>
  <suite name="ru.javaedu.autotests.MyFirstClassTest" duration-ms="87" started-at="2021-02-02T17:44:51Z" finished-at="2021-02-02T17:44:51Z">
    <groups>
    </groups>
    <test name="Command line test" duration-ms="87" started-at="2021-02-02T17:44:51Z" finished-at="2021-02-02T17:44:51Z">
      <class name="ru.javaedu.autotests.MyFirstClassTest">
        <test-method status="PASS" signature="test()[pri:0, instance:ru.javaedu.autotests.MyFirstClassTest@7c75222b]" name="test" duration-ms="30" started-at="2021-02-02T17:44:51Z" finished-at="2021-02-02T17:44:51Z">
          <reporter-output>
          </reporter-output>
        </test-method> <!-- test -->
      </class> <!-- ru.javaedu.autotests.MyFirstClassTest -->
    </test> <!-- Command line test -->
  </suite> <!-- ru.javaedu.autotests.MyFirstClassTest -->
</testng-results>
